<?xml version="1.0" encoding="UTF-8"?>
<testsuite xmlns:xsi="http://www.w3.org/2001/XMLSchema-instance" xsi:noNamespaceSchemaLocation="https://maven.apache.org/surefire/maven-surefire-plugin/xsd/surefire-test-report.xsd" name="bigdata_project.AppTest" time="0.022" tests="1" errors="0" skipped="0" failures="0">
  <properties>
    <property name="sun.desktop" value="gnome"/>
    <property name="awt.toolkit" value="sun.awt.X11.XToolkit"/>
    <property name="java.specification.version" value="11"/>
    <property name="sun.cpu.isalist" value=""/>
    <property name="sun.jnu.encoding" value="UTF-8"/>
    <property name="java.class.path" value="/home/qtt/bigdata_project/demo/target/test-classes:/home/qtt/bigdata_project/demo/target/classes:/home/qtt/.m2/repository/org/apache/avro/avro/1.11.1/avro-1.11.1.jar:/home/qtt/.m2/repository/com/fasterxml/jackson/core/jackson-core/2.12.7/jackson-core-2.12.7.jar:/home/qtt/.m2/repository/com/fasterxml/jackson/core/jackson-databind/2.12.7/jackson-databind-2.12.7.jar:/home/qtt/.m2/repository/com/fasterxml/jackson/core/jackson-annotations/2.12.7/jackson-annotations-2.12.7.jar:/home/qtt/.m2/repository/org/apache/commons/commons-compress/1.21/commons-compress-1.21.jar:/home/qtt/.m2/repository/org/slf4j/slf4j-api/1.7.36/slf4j-api-1.7.36.jar:/home/qtt/.m2/repository/com/google/code/gson/gson/2.10/gson-2.10.jar:/home/qtt/.m2/repository/junit/junit/4.11/junit-4.11.jar:/home/qtt/.m2/repository/org/hamcrest/hamcrest-core/1.3/hamcrest-core-1.3.jar:/home/qtt/.m2/repository/org/apache/kafka/kafka-clients/3.0.0/kafka-clients-3.0.0.jar:/home/qtt/.m2/repository/com/github/luben/zstd-jni/1.5.0-2/zstd-jni-1.5.0-2.jar:/home/qtt/.m2/repository/org/lz4/lz4-java/1.7.1/lz4-java-1.7.1.jar:/home/qtt/.m2/repository/org/xerial/snappy/snappy-java/1.1.8.1/snappy-java-1.1.8.1.jar:/home/qtt/.m2/repository/io/confluent/kafka-avro-serializer/5.3.0/kafka-avro-serializer-5.3.0.jar:/home/qtt/.m2/repository/io/confluent/common-config/5.3.0/common-config-5.3.0.jar:/home/qtt/.m2/repository/io/confluent/common-utils/5.3.0/common-utils-5.3.0.jar:/home/qtt/.m2/repository/org/apache/zookeeper/zookeeper/3.4.14/zookeeper-3.4.14.jar:/home/qtt/.m2/repository/com/github/spotbugs/spotbugs-annotations/3.1.9/spotbugs-annotations-3.1.9.jar:/home/qtt/.m2/repository/jline/jline/0.9.94/jline-0.9.94.jar:/home/qtt/.m2/repository/org/apache/yetus/audience-annotations/0.5.0/audience-annotations-0.5.0.jar:/home/qtt/.m2/repository/io/netty/netty/3.10.6.Final/netty-3.10.6.Final.jar:/home/qtt/.m2/repository/com/101tec/zkclient/0.10/zkclient-0.10.jar:/home/qtt/.m2/repository/io/confluent/kafka-schema-registry-client/7.1.1/kafka-schema-registry-client-7.1.1.jar:/home/qtt/.m2/repository/io/swagger/core/v3/swagger-annotations/2.1.10/swagger-annotations-2.1.10.jar:/home/qtt/.m2/repository/com/google/guava/guava/30.1.1-jre/guava-30.1.1-jre.jar:/home/qtt/.m2/repository/com/google/guava/failureaccess/1.0.1/failureaccess-1.0.1.jar:/home/qtt/.m2/repository/com/google/guava/listenablefuture/9999.0-empty-to-avoid-conflict-with-guava/listenablefuture-9999.0-empty-to-avoid-conflict-with-guava.jar:/home/qtt/.m2/repository/com/google/code/findbugs/jsr305/3.0.2/jsr305-3.0.2.jar:/home/qtt/.m2/repository/org/checkerframework/checker-qual/3.8.0/checker-qual-3.8.0.jar:/home/qtt/.m2/repository/com/google/errorprone/error_prone_annotations/2.5.1/error_prone_annotations-2.5.1.jar:/home/qtt/.m2/repository/com/google/j2objc/j2objc-annotations/1.3/j2objc-annotations-1.3.jar:/home/qtt/.m2/repository/org/codehaus/jackson/jackson-core-lgpl/1.9.13/jackson-core-lgpl-1.9.13.jar:"/>
    <property name="java.vm.vendor" value="Ubuntu"/>
    <property name="sun.arch.data.model" value="64"/>
    <property name="java.vendor.url" value="https://ubuntu.com/"/>
    <property name="user.timezone" value=""/>
    <property name="java.vm.specification.version" value="11"/>
    <property name="os.name" value="Linux"/>
    <property name="sun.java.launcher" value="SUN_STANDARD"/>
    <property name="user.country" value="US"/>
    <property name="sun.boot.library.path" value="/usr/lib/jvm/java-11-openjdk-amd64/lib"/>
    <property name="sun.java.command" value="/home/qtt/bigdata_project/demo/target/surefire/surefirebooter14288961951130761486.jar /home/qtt/bigdata_project/demo/target/surefire 2023-01-03T23-00-24_353-jvmRun1 surefire5928786108437495776tmp surefire_012873775431477314885tmp"/>
    <property name="jdk.debug" value="release"/>
    <property name="surefire.test.class.path" value="/home/qtt/bigdata_project/demo/target/test-classes:/home/qtt/bigdata_project/demo/target/classes:/home/qtt/.m2/repository/org/apache/avro/avro/1.11.1/avro-1.11.1.jar:/home/qtt/.m2/repository/com/fasterxml/jackson/core/jackson-core/2.12.7/jackson-core-2.12.7.jar:/home/qtt/.m2/repository/com/fasterxml/jackson/core/jackson-databind/2.12.7/jackson-databind-2.12.7.jar:/home/qtt/.m2/repository/com/fasterxml/jackson/core/jackson-annotations/2.12.7/jackson-annotations-2.12.7.jar:/home/qtt/.m2/repository/org/apache/commons/commons-compress/1.21/commons-compress-1.21.jar:/home/qtt/.m2/repository/org/slf4j/slf4j-api/1.7.36/slf4j-api-1.7.36.jar:/home/qtt/.m2/repository/com/google/code/gson/gson/2.10/gson-2.10.jar:/home/qtt/.m2/repository/junit/junit/4.11/junit-4.11.jar:/home/qtt/.m2/repository/org/hamcrest/hamcrest-core/1.3/hamcrest-core-1.3.jar:/home/qtt/.m2/repository/org/apache/kafka/kafka-clients/3.0.0/kafka-clients-3.0.0.jar:/home/qtt/.m2/repository/com/github/luben/zstd-jni/1.5.0-2/zstd-jni-1.5.0-2.jar:/home/qtt/.m2/repository/org/lz4/lz4-java/1.7.1/lz4-java-1.7.1.jar:/home/qtt/.m2/repository/org/xerial/snappy/snappy-java/1.1.8.1/snappy-java-1.1.8.1.jar:/home/qtt/.m2/repository/io/confluent/kafka-avro-serializer/5.3.0/kafka-avro-serializer-5.3.0.jar:/home/qtt/.m2/repository/io/confluent/common-config/5.3.0/common-config-5.3.0.jar:/home/qtt/.m2/repository/io/confluent/common-utils/5.3.0/common-utils-5.3.0.jar:/home/qtt/.m2/repository/org/apache/zookeeper/zookeeper/3.4.14/zookeeper-3.4.14.jar:/home/qtt/.m2/repository/com/github/spotbugs/spotbugs-annotations/3.1.9/spotbugs-annotations-3.1.9.jar:/home/qtt/.m2/repository/jline/jline/0.9.94/jline-0.9.94.jar:/home/qtt/.m2/repository/org/apache/yetus/audience-annotations/0.5.0/audience-annotations-0.5.0.jar:/home/qtt/.m2/repository/io/netty/netty/3.10.6.Final/netty-3.10.6.Final.jar:/home/qtt/.m2/repository/com/101tec/zkclient/0.10/zkclient-0.10.jar:/home/qtt/.m2/repository/io/confluent/kafka-schema-registry-client/7.1.1/kafka-schema-registry-client-7.1.1.jar:/home/qtt/.m2/repository/io/swagger/core/v3/swagger-annotations/2.1.10/swagger-annotations-2.1.10.jar:/home/qtt/.m2/repository/com/google/guava/guava/30.1.1-jre/guava-30.1.1-jre.jar:/home/qtt/.m2/repository/com/google/guava/failureaccess/1.0.1/failureaccess-1.0.1.jar:/home/qtt/.m2/repository/com/google/guava/listenablefuture/9999.0-empty-to-avoid-conflict-with-guava/listenablefuture-9999.0-empty-to-avoid-conflict-with-guava.jar:/home/qtt/.m2/repository/com/google/code/findbugs/jsr305/3.0.2/jsr305-3.0.2.jar:/home/qtt/.m2/repository/org/checkerframework/checker-qual/3.8.0/checker-qual-3.8.0.jar:/home/qtt/.m2/repository/com/google/errorprone/error_prone_annotations/2.5.1/error_prone_annotations-2.5.1.jar:/home/qtt/.m2/repository/com/google/j2objc/j2objc-annotations/1.3/j2objc-annotations-1.3.jar:/home/qtt/.m2/repository/org/codehaus/jackson/jackson-core-lgpl/1.9.13/jackson-core-lgpl-1.9.13.jar:"/>
    <property name="sun.cpu.endian" value="little"/>
    <property name="user.home" value="/home/qtt"/>
    <property name="user.language" value="en"/>
    <property name="java.specification.vendor" value="Oracle Corporation"/>
    <property name="java.version.date" value="2022-10-18"/>
    <property name="java.home" value="/usr/lib/jvm/java-11-openjdk-amd64"/>
    <property name="file.separator" value="/"/>
    <property name="basedir" value="/home/qtt/bigdata_project/demo"/>
    <property name="java.vm.compressedOopsMode" value="Zero based"/>
    <property name="line.separator" value="&#10;"/>
    <property name="java.specification.name" value="Java Platform API Specification"/>
    <property name="java.vm.specification.vendor" value="Oracle Corporation"/>
    <property name="java.awt.graphicsenv" value="sun.awt.X11GraphicsEnvironment"/>
    <property name="surefire.real.class.path" value="/home/qtt/bigdata_project/demo/target/surefire/surefirebooter14288961951130761486.jar"/>
    <property name="sun.management.compiler" value="HotSpot 64-Bit Tiered Compilers"/>
    <property name="java.runtime.version" value="11.0.17+8-post-Ubuntu-1ubuntu220.04"/>
    <property name="user.name" value="qtt"/>
    <property name="path.separator" value=":"/>
    <property name="os.version" value="5.15.0-56-generic"/>
    <property name="java.runtime.name" value="OpenJDK Runtime Environment"/>
    <property name="file.encoding" value="UTF-8"/>
    <property name="java.vm.name" value="OpenJDK 64-Bit Server VM"/>
    <property name="localRepository" value="/home/qtt/.m2/repository"/>
    <property name="java.vendor.url.bug" value="https://bugs.launchpad.net/ubuntu/+source/openjdk-lts"/>
    <property name="java.io.tmpdir" value="/tmp"/>
    <property name="idea.version" value="2022.3.1"/>
    <property name="java.version" value="11.0.17"/>
    <property name="user.dir" value="/home/qtt/bigdata_project/demo"/>
    <property name="os.arch" value="amd64"/>
    <property name="java.vm.specification.name" value="Java Virtual Machine Specification"/>
    <property name="java.awt.printerjob" value="sun.print.PSPrinterJob"/>
    <property name="sun.os.patch.level" value="unknown"/>
    <property name="java.library.path" value="/usr/java/packages/lib:/usr/lib/x86_64-linux-gnu/jni:/lib/x86_64-linux-gnu:/usr/lib/x86_64-linux-gnu:/usr/lib/jni:/lib:/usr/lib"/>
    <property name="java.vm.info" value="mixed mode, sharing"/>
    <property name="java.vendor" value="Ubuntu"/>
    <property name="java.vm.version" value="11.0.17+8-post-Ubuntu-1ubuntu220.04"/>
    <property name="sun.io.unicode.encoding" value="UnicodeLittle"/>
    <property name="java.class.version" value="55.0"/>
  </properties>
  <testcase name="shouldAnswerWithTrue" classname="bigdata_project.AppTest" time="0.002"/>
</testsuite>